{"uid":"eb1c4d59ab04a1c9","name":"test_the_tests","fullName":"tests.test_demo#test_the_tests","historyId":"4db9caae8ef7326232c323be69d7c921","time":{"start":1658182802279,"stop":1658182802279,"duration":0},"status":"failed","statusMessage":"AssertionError: assert 2 == 3","statusTrace":"def test_the_tests():\n      print(\"Corriendo test de prueba... \")\n      assert True\n    \n>     assert 2 == 3\nE     assert 2 == 3\n\ntests/test_demo.py:9: AssertionError","flaky":false,"newFailed":false,"newBroken":false,"newPassed":false,"retriesCount":0,"retriesStatusChange":false,"beforeStages":[],"testStage":{"status":"failed","statusMessage":"AssertionError: assert 2 == 3","statusTrace":"def test_the_tests():\n      print(\"Corriendo test de prueba... \")\n      assert True\n    \n>     assert 2 == 3\nE     assert 2 == 3\n\ntests/test_demo.py:9: AssertionError","steps":[],"attachments":[{"uid":"f8854dc3706ec4f0","name":"stdout","source":"f8854dc3706ec4f0.txt","type":"text/plain","size":29}],"parameters":[],"stepsCount":0,"attachmentsCount":1,"shouldDisplayMessage":true,"hasContent":true},"afterStages":[],"labels":[{"name":"parentSuite","value":"tests"},{"name":"suite","value":"test_demo"},{"name":"host","value":"fv-az82-55"},{"name":"thread","value":"2057-MainThread"},{"name":"framework","value":"pytest"},{"name":"language","value":"cpython3"},{"name":"package","value":"tests.test_demo"},{"name":"resultFormat","value":"allure2"}],"parameters":[],"links":[],"hidden":false,"retry":false,"extra":{"severity":"normal","retries":[],"categories":[{"name":"Product defects","matchedStatuses":[],"flaky":false}],"history":{"statistic":{"failed":3,"broken":0,"skipped":0,"passed":0,"unknown":0,"total":3},"items":[{"uid":"12850fd3a8df6cd","reportUrl":"https://javiermayan-mfs.github.io/test-automation-python-practice/7//#testresult/12850fd3a8df6cd","status":"failed","statusDetails":"AssertionError: assert 2 == 3","time":{"start":1657815253263,"stop":1657815253264,"duration":1}},{"uid":"cc086eb2c15cc14a","reportUrl":"https://javiermayan-mfs.github.io/test-automation-python-practice/6//#testresult/cc086eb2c15cc14a","status":"failed","statusDetails":"AssertionError: assert 2 == 3","time":{"start":1657814950997,"stop":1657814950998,"duration":1}}]},"tags":[]},"source":"eb1c4d59ab04a1c9.json","parameterValues":[]}